[2019/06/06 18:20:15][CONFIG][initLogger]  [32mLogging initialized.[0m
[2019/06/06 18:20:15][CONFIG][initService]  Starting service...
[2019/06/06 18:20:15][CONFIG][currentConfigs]  Scheme: http://
[2019/06/06 18:20:15][CONFIG][currentConfigs]  Hostname: 0.0.0.0
[2019/06/06 18:20:15][CONFIG][currentConfigs]  Port: 7180
[2019/06/06 18:20:15][CONFIG][currentConfigs]  Path: /api/g
[2019/06/06 18:20:15][CONFIG][currentConfigs]  Request Delay: 500
[2019/06/06 18:20:15][CONFIG][currentConfigs]  Number of threads in pool: 5
[2019/06/06 18:20:15][CONFIG][currentConfigs]  Logger output directory: ./logs/
[2019/06/06 18:20:15][CONFIG][currentConfigs]  Logger output file: gateway.log
[2019/06/06 18:20:15][CONFIG][currentConfigs]  Database hostname: localhost
[2019/06/06 18:20:15][CONFIG][currentConfigs]  Database port: 3310
[2019/06/06 18:20:15][CONFIG][currentConfigs]  Database username: cs122b_db143
[2019/06/06 18:20:15][CONFIG][currentConfigs]  Database password provided? true
[2019/06/06 18:20:15][CONFIG][currentConfigs]  Database name: cs122b_db143
[2019/06/06 18:20:15][CONFIG][currentConfigs]  Database driver: com.mysql.cj.jdbc.Driver
[2019/06/06 18:20:15][CONFIG][currentConfigs]  Database connection settings: ?autoReconnect=true&useJDBCCompliantTimezoneShift=true&useLegacyDatetimeCode=false&serverTimezone=PST
[2019/06/06 18:20:15][CONFIG][currentConfigs]  [IDM] scheme: http://
[2019/06/06 18:20:15][CONFIG][currentConfigs]  [IDM] hostname: 0.0.0.0
[2019/06/06 18:20:15][CONFIG][currentConfigs]  [IDM] port: 7177
[2019/06/06 18:20:15][CONFIG][currentConfigs]  [IDM] path: /api/idm
[2019/06/06 18:20:15][CONFIG][currentConfigs]  [IDM][EP] Register User: /register
[2019/06/06 18:20:15][CONFIG][currentConfigs]  [IDM][EP] Login User: /login
[2019/06/06 18:20:15][CONFIG][currentConfigs]  [IDM][EP] Verify Session: /session
[2019/06/06 18:20:15][CONFIG][currentConfigs]  [IDM][EP] Verify User Privilege: /privilege
[2019/06/06 18:20:15][CONFIG][currentConfigs]  [Movies] scheme: http://
[2019/06/06 18:20:15][CONFIG][currentConfigs]  [Movies] hostname: 0.0.0.0
[2019/06/06 18:20:15][CONFIG][currentConfigs]  [Movies] port: 7178
[2019/06/06 18:20:15][CONFIG][currentConfigs]  [Movies] path: /api/movies
[2019/06/06 18:20:15][CONFIG][currentConfigs]  [Movies][EP] Search Movie: /search
[2019/06/06 18:20:15][CONFIG][currentConfigs]  [Movies][EP] Get Movie: /get/
[2019/06/06 18:20:15][CONFIG][currentConfigs]  [Movies][EP] Add Movie: /add
[2019/06/06 18:20:15][CONFIG][currentConfigs]  [Movies][EP] Delete Movie: /delete
[2019/06/06 18:20:15][CONFIG][currentConfigs]  [Movies][EP] Get All Genres: /genre
[2019/06/06 18:20:15][CONFIG][currentConfigs]  [Movies][EP] Add Genre: /genre/add
[2019/06/06 18:20:15][CONFIG][currentConfigs]  [Movies][EP] Get All Genres For Movie: /genre/
[2019/06/06 18:20:15][CONFIG][currentConfigs]  [Movies][EP] Search Star: /star/search
[2019/06/06 18:20:15][CONFIG][currentConfigs]  [Movies][EP] Get Star: /star/
[2019/06/06 18:20:15][CONFIG][currentConfigs]  [Movies][EP] Add Star to Movie: /star/starsin
[2019/06/06 18:20:15][CONFIG][currentConfigs]  [Movies][EP] Update Movie Rating: /rating
[2019/06/06 18:20:15][CONFIG][currentConfigs]  [Billing] scheme: 
[2019/06/06 18:20:15][CONFIG][currentConfigs]  [Billing] hostname: 
[2019/06/06 18:20:15][CONFIG][currentConfigs]  [Billing] port: 
[2019/06/06 18:20:15][CONFIG][currentConfigs]  [Billing] path:
[2019/06/06 18:20:15][CONFIG][currentConfigs]  [Billing][EP] Update Cart: /cart/update
[2019/06/06 18:20:15][CONFIG][currentConfigs]  [Billing][EP] Delete Cart: /cart/delete
[2019/06/06 18:20:15][CONFIG][currentConfigs]  [Billing][EP] Retrieve Cart: /cart/retrieve
[2019/06/06 18:20:15][CONFIG][currentConfigs]  [Billing][EP] Clear Cart: /cart/clear
[2019/06/06 18:20:15][CONFIG][currentConfigs]  [Billing][EP] Clear Cart: /cart/insert
[2019/06/06 18:20:15][CONFIG][currentConfigs]  [Billing][EP] Insert Credit Card: /creditcard/insert
[2019/06/06 18:20:15][CONFIG][currentConfigs]  [Billing][EP] Update Credit Card: /creditcard/update
[2019/06/06 18:20:15][CONFIG][currentConfigs]  [Billing][EP] Delete Credit Card: /creditcard/delete
[2019/06/06 18:20:15][CONFIG][currentConfigs]  [Billing][EP] Retrieve Credit Card: /creditcard/retrieve
[2019/06/06 18:20:15][CONFIG][currentConfigs]  [Billing][EP] Insert Customer: /customer/insert
[2019/06/06 18:20:15][CONFIG][currentConfigs]  [Billing][EP] Update Customer: /creditcard/update
[2019/06/06 18:20:15][CONFIG][currentConfigs]  [Billing][EP] Retrieve Customer: /creditcard/retrieve
[2019/06/06 18:20:15][CONFIG][currentConfigs]  [Billing][EP] Place Order: /order/place
[2019/06/06 18:20:15][CONFIG][currentConfigs]  [Billing][EP] Retrieve Order: /order/retrieve
[2019/06/06 18:20:15][CONFIG][initConnectionPool]  Initializing connection pool...
[2019/06/06 18:20:15][CONFIG][<init>]  Initializing connection pool...
[2019/06/06 18:20:15][CONFIG][<init>]  Creating connection #1
[2019/06/06 18:20:15][CONFIG][<init>]  Creating connection #2
[2019/06/06 18:20:15][CONFIG][<init>]  Creating connection #3
[2019/06/06 18:20:15][CONFIG][initConnectionPool]  [32mConnection pool initialized.[0m
[2019/06/06 18:20:15][CONFIG][initThreadPool]  Initializing thread pool.
[2019/06/06 18:20:15][INFO][<init>]  [35mNew worker created: Thread[Thread-1,5,main][0m
[2019/06/06 18:20:15][INFO][<init>]  [35mNew worker created: Thread[Thread-2,5,main][0m
[2019/06/06 18:20:15][INFO][<init>]  [35mNew worker created: Thread[Thread-3,5,main][0m
[2019/06/06 18:20:15][INFO][<init>]  [35mNew worker created: Thread[Thread-4,5,main][0m
[2019/06/06 18:20:15][INFO][<init>]  [35mNew worker created: Thread[Thread-5,5,main][0m
[2019/06/06 18:20:15][CONFIG][initThreadPool]  [32mInitializing thread pool.[0m
[2019/06/06 18:20:15][CONFIG][initHTTPServer]  Initializing HTTP server...
[2019/06/06 18:20:15][CONFIG][initHTTPServer]  Building URI from configs...
[2019/06/06 18:20:15][CONFIG][initHTTPServer]  Final URI: http://0.0.0.0:7180/api/g
[2019/06/06 18:20:15][CONFIG][initHTTPServer]  Set Jersey resources.
[2019/06/06 18:20:15][CONFIG][initHTTPServer]  Set Jackson as serializer.
[2019/06/06 18:20:15][CONFIG][initHTTPServer]  Starting HTTP server...
[2019/06/06 18:20:16][CONFIG][initHTTPServer]  [32mHTTP server started.[0m
[2019/06/06 18:20:16][CONFIG][initService]  [32mService initialized.[0m
[2019/06/06 18:20:27][INFO][searchMovieRequest]  Received request to search movies.
[2019/06/06 18:20:27][INFO][getSessionValidation]  Verifying privilege level with IDM...
[2019/06/06 18:20:27][INFO][getSessionValidation]  Building client...
[2019/06/06 18:20:27][INFO][getSessionValidation]  Building URI...
[2019/06/06 18:20:27][INFO][getSessionValidation]  URI = http://0.0.0.0:7177/api/idm
[2019/06/06 18:20:27][INFO][getSessionValidation]  Setting path to endpoint...
[2019/06/06 18:20:27][INFO][getSessionValidation]  Building WebTarget...
[2019/06/06 18:20:27][INFO][getSessionValidation]  Starting invocation builder...
[2019/06/06 18:20:27][INFO][getSessionValidation]  Setting payload of the request
[2019/06/06 18:20:27][INFO][getSessionValidation]  Sending request...
[2019/06/06 18:20:27][INFO][getSessionValidation]  Sent!
[2019/06/06 18:20:27][INFO][getSessionValidation]  [35mSTATUS RETURNED: [0m
[2019/06/06 18:20:27][INFO][getSessionValidation]  Received Status 200
[2019/06/06 18:20:27][INFO][getSessionValidation]  JsonText: {"resultCode":130,"message":"Session is active.","sessionID":"94275b25c8ded70cab5e1c648a1574e9ad602be0b3b7bfe384f85760b9578a82805aa801ce214003e6eb9a1fda885dee11364339c55f8142c73865d9857ed6f1"}
[2019/06/06 18:20:27][INFO][getSessionValidation]  [35mSTATUS: 130[0m
[2019/06/06 18:20:27][INFO][searchMovieRequest]  [31msessionSTATUS: 130[0m
[2019/06/06 18:20:27][INFO][searchMovieRequest]  JsonText: {
	"title":"The Dark Knight",
	"genre":"Action",
	"offset":0,
	"limit":10,
	"direction":"asc",
	"orderby":"title"
}
[2019/06/06 18:20:27][INFO][verifyModel]  Verifying model format...
[2019/06/06 18:20:27][INFO][verifyModel]  Attempting to deserialize JSON to POJO
[2019/06/06 18:20:27][INFO][verifyModel]  Successfully deserialized JSON to POJO.
[2019/06/06 18:20:27][INFO][verifyModel]  Model has been validated.
[2019/06/06 18:20:27][INFO][searchMovieRequest]  Transaction id: 3e706f719f1f8eaebd68f217db28ee9cc9c103fdb538cf53e82eb7b1a5aec9331782b4dfc8e021a3df00063bef82bcd60cad372adee0448cfcbba30e3e5d30b1
[2019/06/06 18:20:27][INFO][searchMovieRequest]  Created & set client request: edu.uci.ics.sctse.service.api_gateway.threadpool.ClientRequest@4e35b6c
[2019/06/06 18:20:27][INFO][searchMovieRequest]  Enqueuing request...
[2019/06/06 18:20:27][INFO][enqueue]  Enqueuing: edu.uci.ics.sctse.service.api_gateway.threadpool.ClientRequest@4e35b6c
[2019/06/06 18:20:27][INFO][searchMovieRequest]  Request in queue.
[2019/06/06 18:20:27][INFO][process]  Building client...
[2019/06/06 18:20:27][INFO][process]  Getting URI...
[2019/06/06 18:20:27][INFO][process]  Getting endpoint...
[2019/06/06 18:20:27][INFO][process]  Building WebTarget...
[2019/06/06 18:20:27][INFO][process]  Sending request...
[2019/06/06 18:20:27][INFO][process]  Starting invocation builder...
[2019/06/06 18:20:27][INFO][process]  QUERY MAP NOT NULL.
[2019/06/06 18:20:27][INFO][process]  WEBTARGET: JerseyWebTarget { http://0.0.0.0:7178/api/movies/search?hidden=false&offset=0&year=0&genre=Action&limit=10&orderby=title&title=The+Dark+Knight&direction=asc }
[2019/06/06 18:20:27][INFO][process]  Got a GET request.
[2019/06/06 18:20:28][INFO][process]  [32mSent![0m
[2019/06/06 18:20:28][INFO][insertResponseIntoDB]  Inserting response into DB...
[2019/06/06 18:20:28][INFO][insertResponseIntoDB]  Trying query: com.mysql.cj.jdbc.ClientPreparedStatement: INSERT INTO responses (transactionid, response, email, sessionid, httpstatus) VALUES ('3e706f719f1f8eaebd68f217db28ee9cc9c103fdb538cf53e82eb7b1a5aec9331782b4dfc8e021a3df00063bef82bcd60cad372adee0448cfcbba30e3e5d30b1', '{"resultCode":210,"message":"Found movies with search parameters.","movies":[{"movieId":"tt0468569","title":"The Dark Knight","director":"Christopher Nolan","year":2008,"rating":9.0,"numVotes":1855106}]}', 'existing1@existing.com', '94275b25c8ded70cab5e1c648a1574e9ad602be0b3b7bfe384f85760b9578a82805aa801ce214003e6eb9a1fda885dee11364339c55f8142c73865d9857ed6f1', 200);
[2019/06/06 18:20:28][INFO][insertResponseIntoDB]  Query succeeded
[2019/06/06 18:20:28][INFO][getReport]  Got request for report.
[2019/06/06 18:20:28][INFO][getResponseFromDB]  Getting response from DB...
[2019/06/06 18:20:28][INFO][getResponseFromDB]  Trying query: com.mysql.cj.jdbc.ClientPreparedStatement: SELECT transactionid, email, sessionid, response, httpstatus FROM responses WHERE transactionid = '3e706f719f1f8eaebd68f217db28ee9cc9c103fdb538cf53e82eb7b1a5aec9331782b4dfc8e021a3df00063bef82bcd60cad372adee0448cfcbba30e3e5d30b1';
[2019/06/06 18:20:28][INFO][getResponseFromDB]  Query succeeded
[2019/06/06 18:20:28][INFO][getResponseFromDB]  [35mTRANSACTION IN DB... MAKING MAP[0m
[2019/06/06 18:20:28][INFO][deleteResponse]  Deleting response in DB...
[2019/06/06 18:20:28][INFO][deleteResponse]  Trying query: com.mysql.cj.jdbc.ClientPreparedStatement: DELETE FROM responses WHERE transactionid = '3e706f719f1f8eaebd68f217db28ee9cc9c103fdb538cf53e82eb7b1a5aec9331782b4dfc8e021a3df00063bef82bcd60cad372adee0448cfcbba30e3e5d30b1';
[2019/06/06 18:20:28][INFO][deleteResponse]  Query succeeded
[2019/06/06 18:20:28][INFO][searchMovieRequest]  Received request to search movies.
[2019/06/06 18:20:28][INFO][getSessionValidation]  Verifying privilege level with IDM...
[2019/06/06 18:20:28][INFO][getSessionValidation]  Building client...
[2019/06/06 18:20:28][INFO][getSessionValidation]  Building URI...
[2019/06/06 18:20:28][INFO][getSessionValidation]  URI = http://0.0.0.0:7177/api/idm
[2019/06/06 18:20:28][INFO][getSessionValidation]  Setting path to endpoint...
[2019/06/06 18:20:28][INFO][getSessionValidation]  Building WebTarget...
[2019/06/06 18:20:28][INFO][getSessionValidation]  Starting invocation builder...
[2019/06/06 18:20:28][INFO][getSessionValidation]  Setting payload of the request
[2019/06/06 18:20:28][INFO][getSessionValidation]  Sending request...
[2019/06/06 18:20:28][INFO][getSessionValidation]  Sent!
[2019/06/06 18:20:28][INFO][getSessionValidation]  [35mSTATUS RETURNED: [0m
[2019/06/06 18:20:28][INFO][getSessionValidation]  Received Status 200
[2019/06/06 18:20:28][INFO][getSessionValidation]  JsonText: {"resultCode":130,"message":"Session is active.","sessionID":"94275b25c8ded70cab5e1c648a1574e9ad602be0b3b7bfe384f85760b9578a82805aa801ce214003e6eb9a1fda885dee11364339c55f8142c73865d9857ed6f1"}
[2019/06/06 18:20:28][INFO][getSessionValidation]  [35mSTATUS: 130[0m
[2019/06/06 18:20:28][INFO][searchMovieRequest]  [31msessionSTATUS: 130[0m
[2019/06/06 18:20:28][INFO][searchMovieRequest]  JsonText: {
	"genre":"Action",
	"offset":10,
	"limit":10,
	"direction":"desc",
	"orderby":"rating"
}
[2019/06/06 18:20:28][INFO][verifyModel]  Verifying model format...
[2019/06/06 18:20:28][INFO][verifyModel]  Attempting to deserialize JSON to POJO
[2019/06/06 18:20:28][INFO][verifyModel]  Successfully deserialized JSON to POJO.
[2019/06/06 18:20:28][INFO][verifyModel]  Model has been validated.
[2019/06/06 18:20:28][INFO][searchMovieRequest]  Transaction id: 01ffd7af92b2d6c0346d64fe39c922096db382053abd65c82eb44ee4a5d177b211896757888a6a28557967d60d3c5620f54fc3ee8ed63f12d563787c7f1c11a0
[2019/06/06 18:20:28][INFO][searchMovieRequest]  Created & set client request: edu.uci.ics.sctse.service.api_gateway.threadpool.ClientRequest@4a66b8f
[2019/06/06 18:20:28][INFO][searchMovieRequest]  Enqueuing request...
[2019/06/06 18:20:28][INFO][enqueue]  Enqueuing: edu.uci.ics.sctse.service.api_gateway.threadpool.ClientRequest@4a66b8f
[2019/06/06 18:20:28][INFO][searchMovieRequest]  Request in queue.
[2019/06/06 18:20:28][INFO][process]  Building client...
[2019/06/06 18:20:28][INFO][process]  Getting URI...
[2019/06/06 18:20:28][INFO][process]  Getting endpoint...
[2019/06/06 18:20:28][INFO][process]  Building WebTarget...
[2019/06/06 18:20:28][INFO][process]  Sending request...
[2019/06/06 18:20:28][INFO][process]  Starting invocation builder...
[2019/06/06 18:20:28][INFO][process]  QUERY MAP NOT NULL.
[2019/06/06 18:20:28][INFO][process]  WEBTARGET: JerseyWebTarget { http://0.0.0.0:7178/api/movies/search?hidden=false&offset=10&year=0&genre=Action&limit=10&orderby=rating&direction=desc }
[2019/06/06 18:20:28][INFO][process]  Got a GET request.
[2019/06/06 18:20:29][INFO][process]  [32mSent![0m
[2019/06/06 18:20:29][INFO][insertResponseIntoDB]  Inserting response into DB...
[2019/06/06 18:20:29][INFO][insertResponseIntoDB]  Trying query: com.mysql.cj.jdbc.ClientPreparedStatement: INSERT INTO responses (transactionid, response, email, sessionid, httpstatus) VALUES ('01ffd7af92b2d6c0346d64fe39c922096db382053abd65c82eb44ee4a5d177b211896757888a6a28557967d60d3c5620f54fc3ee8ed63f12d563787c7f1c11a0', '{"resultCode":210,"message":"Found movies with search parameters.","movies":[{"movieId":"tt0296574","title":"Company","director":"Ram Gopal Varma","year":2002,"rating":8.0,"numVotes":11533},{"movieId":"tt0490964","title":"Hat Trick","director":"Jason McAfee","year":2005,"rating":8.0,"numVotes":76},{"movieId":"tt0375878","title":"Kaakha..Kaakha: The Police","director":"Gautham Menon","year":2003,"rating":8.0,"numVotes":3546},{"movieId":"tt0378194","title":"Kill Bill: Vol. 2","director":"Quentin Tarantino","year":2004,"rating":8.0,"numVotes":559953},{"movieId":"tt0455829","title":"Vettaiyaadu Vilaiyaadu","director":"Gautham Menon","year":2006,"rating":8.0,"numVotes":4745},{"movieId":"tt0425112","title":"Hot Fuzz","director":"Edgar Wright","year":2007,"rating":7.9,"numVotes":388556},{"movieId":"tt0284935","title":"Manhunt","director":"Ezio Massa","year":2002,"rating":7.9,"numVotes":38},{"movieId":"tt0453190","title":"Raam","director":"Ameer Sultan","year":2005,"rating":7.9,"numVotes":844},{"movieId":"tt0379786","title":"Serenity","director":"Joss Whedon","year":2005,"rating":7.9,"numVotes":256241},{"movieId":"tt0422320","title":"Ghilli","director":"Dharani","year":2004,"rating":7.8,"numVotes":6136}]}', 'existing1@existing.com', '94275b25c8ded70cab5e1c648a1574e9ad602be0b3b7bfe384f85760b9578a82805aa801ce214003e6eb9a1fda885dee11364339c55f8142c73865d9857ed6f1', 200);
[2019/06/06 18:20:29][INFO][insertResponseIntoDB]  Query succeeded
[2019/06/06 18:20:29][INFO][getReport]  Got request for report.
[2019/06/06 18:20:29][INFO][getResponseFromDB]  Getting response from DB...
[2019/06/06 18:20:29][INFO][getResponseFromDB]  Trying query: com.mysql.cj.jdbc.ClientPreparedStatement: SELECT transactionid, email, sessionid, response, httpstatus FROM responses WHERE transactionid = '01ffd7af92b2d6c0346d64fe39c922096db382053abd65c82eb44ee4a5d177b211896757888a6a28557967d60d3c5620f54fc3ee8ed63f12d563787c7f1c11a0';
[2019/06/06 18:20:29][INFO][getResponseFromDB]  Query succeeded
[2019/06/06 18:20:29][INFO][getResponseFromDB]  [35mTRANSACTION IN DB... MAKING MAP[0m
[2019/06/06 18:20:29][INFO][deleteResponse]  Deleting response in DB...
[2019/06/06 18:20:29][INFO][deleteResponse]  Trying query: com.mysql.cj.jdbc.ClientPreparedStatement: DELETE FROM responses WHERE transactionid = '01ffd7af92b2d6c0346d64fe39c922096db382053abd65c82eb44ee4a5d177b211896757888a6a28557967d60d3c5620f54fc3ee8ed63f12d563787c7f1c11a0';
[2019/06/06 18:20:29][INFO][deleteResponse]  Query succeeded
[2019/06/06 18:20:29][INFO][searchMovieRequest]  Received request to search movies.
[2019/06/06 18:20:29][INFO][getSessionValidation]  Verifying privilege level with IDM...
[2019/06/06 18:20:29][INFO][getSessionValidation]  Building client...
[2019/06/06 18:20:29][INFO][getSessionValidation]  Building URI...
[2019/06/06 18:20:29][INFO][getSessionValidation]  URI = http://0.0.0.0:7177/api/idm
[2019/06/06 18:20:29][INFO][getSessionValidation]  Setting path to endpoint...
[2019/06/06 18:20:29][INFO][getSessionValidation]  Building WebTarget...
[2019/06/06 18:20:29][INFO][getSessionValidation]  Starting invocation builder...
[2019/06/06 18:20:29][INFO][getSessionValidation]  Setting payload of the request
[2019/06/06 18:20:29][INFO][getSessionValidation]  Sending request...
[2019/06/06 18:20:29][INFO][getSessionValidation]  Sent!
[2019/06/06 18:20:29][INFO][getSessionValidation]  [35mSTATUS RETURNED: [0m
[2019/06/06 18:20:29][INFO][getSessionValidation]  Received Status 200
[2019/06/06 18:20:29][INFO][getSessionValidation]  JsonText: {"resultCode":130,"message":"Session is active.","sessionID":"94275b25c8ded70cab5e1c648a1574e9ad602be0b3b7bfe384f85760b9578a82805aa801ce214003e6eb9a1fda885dee11364339c55f8142c73865d9857ed6f1"}
[2019/06/06 18:20:29][INFO][getSessionValidation]  [35mSTATUS: 130[0m
[2019/06/06 18:20:29][INFO][searchMovieRequest]  [31msessionSTATUS: 130[0m
[2019/06/06 18:20:29][INFO][searchMovieRequest]  JsonText: {
	"title":"NOFOUNDMOVIE",
	"genre":"Action",
	"offset":0,
	"limit":10,
	"direction":"asc",
	"orderby":"title"
}
[2019/06/06 18:20:29][INFO][verifyModel]  Verifying model format...
[2019/06/06 18:20:29][INFO][verifyModel]  Attempting to deserialize JSON to POJO
[2019/06/06 18:20:29][INFO][verifyModel]  Successfully deserialized JSON to POJO.
[2019/06/06 18:20:29][INFO][verifyModel]  Model has been validated.
[2019/06/06 18:20:29][INFO][searchMovieRequest]  Transaction id: 7f203521136011b679b7e1b8086c16e7d9f358a230b40af10d220f4dd10ad58ecf9a5c58f5721af9416ed50877f3f9496ddfee94f33d4e2a96a9fc3469090e73
[2019/06/06 18:20:29][INFO][searchMovieRequest]  Created & set client request: edu.uci.ics.sctse.service.api_gateway.threadpool.ClientRequest@490e8131
[2019/06/06 18:20:29][INFO][searchMovieRequest]  Enqueuing request...
[2019/06/06 18:20:29][INFO][enqueue]  Enqueuing: edu.uci.ics.sctse.service.api_gateway.threadpool.ClientRequest@490e8131
[2019/06/06 18:20:29][INFO][searchMovieRequest]  Request in queue.
[2019/06/06 18:20:29][INFO][process]  Building client...
[2019/06/06 18:20:29][INFO][process]  Getting URI...
[2019/06/06 18:20:29][INFO][process]  Getting endpoint...
[2019/06/06 18:20:29][INFO][process]  Building WebTarget...
[2019/06/06 18:20:29][INFO][process]  Sending request...
[2019/06/06 18:20:29][INFO][process]  Starting invocation builder...
[2019/06/06 18:20:29][INFO][process]  QUERY MAP NOT NULL.
[2019/06/06 18:20:29][INFO][process]  WEBTARGET: JerseyWebTarget { http://0.0.0.0:7178/api/movies/search?hidden=false&offset=0&year=0&genre=Action&limit=10&orderby=title&title=NOFOUNDMOVIE&direction=asc }
[2019/06/06 18:20:29][INFO][process]  Got a GET request.
[2019/06/06 18:20:29][INFO][process]  [32mSent![0m
[2019/06/06 18:20:29][INFO][insertResponseIntoDB]  Inserting response into DB...
[2019/06/06 18:20:29][INFO][insertResponseIntoDB]  Trying query: com.mysql.cj.jdbc.ClientPreparedStatement: INSERT INTO responses (transactionid, response, email, sessionid, httpstatus) VALUES ('7f203521136011b679b7e1b8086c16e7d9f358a230b40af10d220f4dd10ad58ecf9a5c58f5721af9416ed50877f3f9496ddfee94f33d4e2a96a9fc3469090e73', '{"resultCode":211,"message":"No movies found with search parameters."}', 'existing1@existing.com', '94275b25c8ded70cab5e1c648a1574e9ad602be0b3b7bfe384f85760b9578a82805aa801ce214003e6eb9a1fda885dee11364339c55f8142c73865d9857ed6f1', 200);
[2019/06/06 18:20:29][INFO][insertResponseIntoDB]  Query succeeded
[2019/06/06 18:20:30][INFO][getReport]  Got request for report.
[2019/06/06 18:20:30][INFO][getResponseFromDB]  Getting response from DB...
[2019/06/06 18:20:30][INFO][getResponseFromDB]  Trying query: com.mysql.cj.jdbc.ClientPreparedStatement: SELECT transactionid, email, sessionid, response, httpstatus FROM responses WHERE transactionid = '7f203521136011b679b7e1b8086c16e7d9f358a230b40af10d220f4dd10ad58ecf9a5c58f5721af9416ed50877f3f9496ddfee94f33d4e2a96a9fc3469090e73';
[2019/06/06 18:20:30][INFO][getResponseFromDB]  Query succeeded
[2019/06/06 18:20:30][INFO][getResponseFromDB]  [35mTRANSACTION IN DB... MAKING MAP[0m
[2019/06/06 18:20:30][INFO][deleteResponse]  Deleting response in DB...
[2019/06/06 18:20:30][INFO][deleteResponse]  Trying query: com.mysql.cj.jdbc.ClientPreparedStatement: DELETE FROM responses WHERE transactionid = '7f203521136011b679b7e1b8086c16e7d9f358a230b40af10d220f4dd10ad58ecf9a5c58f5721af9416ed50877f3f9496ddfee94f33d4e2a96a9fc3469090e73';
[2019/06/06 18:20:30][INFO][deleteResponse]  Query succeeded
[2019/06/06 18:20:30][INFO][addMovieRequest]  Received request to add movie.
[2019/06/06 18:20:30][INFO][addMovieRequest]  JsonText: {
    "title": "bdPtUcDTHo",
    "director":"bTKApiwfQA",
    "year": 2020,
    "budget": 309,
    "revenue": 26,
    "genres": [{"id": 9, "name": "drama"}]
}
[2019/06/06 18:20:30][INFO][verifyModel]  Verifying model format...
[2019/06/06 18:20:30][INFO][verifyModel]  Attempting to deserialize JSON to POJO
[2019/06/06 18:20:30][INFO][verifyModel]  Successfully deserialized JSON to POJO.
[2019/06/06 18:20:30][INFO][verifyModel]  Model has been validated.
[2019/06/06 18:20:30][INFO][addMovieRequest]  Transaction id: b1ae60d194776474fd7b40eacafeadbbb65e5e0deaf0e13e41e7699e6b33673388752b94c84a07b32cb79b39b8cd9c23f8ed1f010e7aeac8ec6fc9d1d269c382
[2019/06/06 18:20:30][INFO][addMovieRequest]  Created & set client request: edu.uci.ics.sctse.service.api_gateway.threadpool.ClientRequest@9f01f67
[2019/06/06 18:20:30][INFO][addMovieRequest]  Enqueuing request...
[2019/06/06 18:20:30][INFO][enqueue]  Enqueuing: edu.uci.ics.sctse.service.api_gateway.threadpool.ClientRequest@9f01f67
[2019/06/06 18:20:30][INFO][addMovieRequest]  Request in queue.
[2019/06/06 18:20:30][INFO][process]  Building client...
[2019/06/06 18:20:30][INFO][process]  Getting URI...
[2019/06/06 18:20:30][INFO][process]  Getting endpoint...
[2019/06/06 18:20:30][INFO][process]  Building WebTarget...
[2019/06/06 18:20:30][INFO][process]  Sending request...
[2019/06/06 18:20:30][INFO][process]  Starting invocation builder...
[2019/06/06 18:20:30][INFO][process]  WEBTARGET: JerseyWebTarget { http://0.0.0.0:7178/api/movies/add }
[2019/06/06 18:20:30][INFO][process]  Got a POST request.
[2019/06/06 18:20:30][INFO][process]  [32mSent![0m
[2019/06/06 18:20:30][INFO][insertResponseIntoDB]  Inserting response into DB...
[2019/06/06 18:20:30][INFO][insertResponseIntoDB]  Trying query: com.mysql.cj.jdbc.ClientPreparedStatement: INSERT INTO responses (transactionid, response, email, sessionid, httpstatus) VALUES ('b1ae60d194776474fd7b40eacafeadbbb65e5e0deaf0e13e41e7699e6b33673388752b94c84a07b32cb79b39b8cd9c23f8ed1f010e7aeac8ec6fc9d1d269c382', '{"resultCode":141,"message":"User has insufficient privilege."}', 'existing1@existing.com', '94275b25c8ded70cab5e1c648a1574e9ad602be0b3b7bfe384f85760b9578a82805aa801ce214003e6eb9a1fda885dee11364339c55f8142c73865d9857ed6f1', 200);
[2019/06/06 18:20:30][INFO][insertResponseIntoDB]  Query succeeded
[2019/06/06 18:20:30][INFO][getReport]  Got request for report.
[2019/06/06 18:20:30][INFO][getResponseFromDB]  Getting response from DB...
[2019/06/06 18:20:30][INFO][getResponseFromDB]  Trying query: com.mysql.cj.jdbc.ClientPreparedStatement: SELECT transactionid, email, sessionid, response, httpstatus FROM responses WHERE transactionid = 'b1ae60d194776474fd7b40eacafeadbbb65e5e0deaf0e13e41e7699e6b33673388752b94c84a07b32cb79b39b8cd9c23f8ed1f010e7aeac8ec6fc9d1d269c382';
[2019/06/06 18:20:30][INFO][getResponseFromDB]  Query succeeded
[2019/06/06 18:20:30][INFO][getResponseFromDB]  [35mTRANSACTION IN DB... MAKING MAP[0m
[2019/06/06 18:20:31][INFO][deleteResponse]  Deleting response in DB...
[2019/06/06 18:20:31][INFO][deleteResponse]  Trying query: com.mysql.cj.jdbc.ClientPreparedStatement: DELETE FROM responses WHERE transactionid = 'b1ae60d194776474fd7b40eacafeadbbb65e5e0deaf0e13e41e7699e6b33673388752b94c84a07b32cb79b39b8cd9c23f8ed1f010e7aeac8ec6fc9d1d269c382';
[2019/06/06 18:20:31][INFO][deleteResponse]  Query succeeded
[2019/06/06 18:20:31][INFO][addMovieRequest]  Received request to add movie.
[2019/06/06 18:20:31][INFO][addMovieRequest]  JsonText: {
    "title": "bdPtUcDTHo",
    "director":"bTKApiwfQA",
    "year": 2020,
    "budget": 309,
    "revenue": 26,
    "genres": [{"id": 9, "name": "drama"}]
}
[2019/06/06 18:20:31][INFO][verifyModel]  Verifying model format...
[2019/06/06 18:20:31][INFO][verifyModel]  Attempting to deserialize JSON to POJO
[2019/06/06 18:20:31][INFO][verifyModel]  Successfully deserialized JSON to POJO.
[2019/06/06 18:20:31][INFO][verifyModel]  Model has been validated.
[2019/06/06 18:20:31][INFO][addMovieRequest]  Transaction id: 90e064b1269bfadd8bfd3b4512d682af31bf3bcff49c99d3a015919433c74516cf39b7045057122252cff4aeb890e40e99d0b3f0746f471d78ab2f499579b0cf
[2019/06/06 18:20:31][INFO][addMovieRequest]  Created & set client request: edu.uci.ics.sctse.service.api_gateway.threadpool.ClientRequest@36515461
[2019/06/06 18:20:31][INFO][addMovieRequest]  Enqueuing request...
[2019/06/06 18:20:31][INFO][enqueue]  Enqueuing: edu.uci.ics.sctse.service.api_gateway.threadpool.ClientRequest@36515461
[2019/06/06 18:20:31][INFO][addMovieRequest]  Request in queue.
[2019/06/06 18:20:31][INFO][process]  Building client...
[2019/06/06 18:20:31][INFO][process]  Getting URI...
[2019/06/06 18:20:31][INFO][process]  Getting endpoint...
[2019/06/06 18:20:31][INFO][process]  Building WebTarget...
[2019/06/06 18:20:31][INFO][process]  Sending request...
[2019/06/06 18:20:31][INFO][process]  Starting invocation builder...
[2019/06/06 18:20:31][INFO][process]  WEBTARGET: JerseyWebTarget { http://0.0.0.0:7178/api/movies/add }
[2019/06/06 18:20:31][INFO][process]  Got a POST request.
[2019/06/06 18:20:31][INFO][process]  [32mSent![0m
[2019/06/06 18:20:31][INFO][insertResponseIntoDB]  Inserting response into DB...
[2019/06/06 18:20:31][INFO][insertResponseIntoDB]  Trying query: com.mysql.cj.jdbc.ClientPreparedStatement: INSERT INTO responses (transactionid, response, email, sessionid, httpstatus) VALUES ('90e064b1269bfadd8bfd3b4512d682af31bf3bcff49c99d3a015919433c74516cf39b7045057122252cff4aeb890e40e99d0b3f0746f471d78ab2f499579b0cf', '{"resultCode":214,"message":"Movie successfully added.","movieid":"cs0000037","genreid":[9]}', 'admin@existing.com', '36550cb2b40d0b1a40fae8357a69e3f81735fcb739182377d6ec41c6b6e26174f491f2c02423d492f95a823319cc071145a624771b4fcdaa549adc22f93d4eeb', 200);
[2019/06/06 18:20:31][INFO][insertResponseIntoDB]  Query succeeded
[2019/06/06 18:20:31][INFO][getReport]  Got request for report.
[2019/06/06 18:20:31][INFO][getResponseFromDB]  Getting response from DB...
[2019/06/06 18:20:31][INFO][getResponseFromDB]  Trying query: com.mysql.cj.jdbc.ClientPreparedStatement: SELECT transactionid, email, sessionid, response, httpstatus FROM responses WHERE transactionid = '90e064b1269bfadd8bfd3b4512d682af31bf3bcff49c99d3a015919433c74516cf39b7045057122252cff4aeb890e40e99d0b3f0746f471d78ab2f499579b0cf';
[2019/06/06 18:20:31][INFO][getResponseFromDB]  Query succeeded
[2019/06/06 18:20:31][INFO][getResponseFromDB]  [35mTRANSACTION IN DB... MAKING MAP[0m
[2019/06/06 18:20:31][INFO][deleteResponse]  Deleting response in DB...
[2019/06/06 18:20:31][INFO][deleteResponse]  Trying query: com.mysql.cj.jdbc.ClientPreparedStatement: DELETE FROM responses WHERE transactionid = '90e064b1269bfadd8bfd3b4512d682af31bf3bcff49c99d3a015919433c74516cf39b7045057122252cff4aeb890e40e99d0b3f0746f471d78ab2f499579b0cf';
[2019/06/06 18:20:31][INFO][deleteResponse]  Query succeeded
[2019/06/06 18:20:31][INFO][addMovieRequest]  Received request to add movie.
[2019/06/06 18:20:31][INFO][addMovieRequest]  JsonText: {
    "title": "aAip1UUcDz",
    "director":"JRAgy9hVcD",
    "year": 2022,
    "budget": 817,
    "revenue": 267,
    "genres": [{"id":1,"name":"newGenre"},{"id":1,"name":"action"},{"id":19,"name":"Sci-Fi"}]
}
[2019/06/06 18:20:31][INFO][verifyModel]  Verifying model format...
[2019/06/06 18:20:31][INFO][verifyModel]  Attempting to deserialize JSON to POJO
[2019/06/06 18:20:31][INFO][verifyModel]  Successfully deserialized JSON to POJO.
[2019/06/06 18:20:31][INFO][verifyModel]  Model has been validated.
[2019/06/06 18:20:31][INFO][addMovieRequest]  Transaction id: 238de7f79f932616c4e1f3da7e06ad68a298f61f41615ba487e4237de2830b9d5e16627a8e8adf75d41aab46b9c18ef08c01a6bdf36d603f07b123c67c300703
[2019/06/06 18:20:31][INFO][addMovieRequest]  Created & set client request: edu.uci.ics.sctse.service.api_gateway.threadpool.ClientRequest@676a2e0
[2019/06/06 18:20:31][INFO][addMovieRequest]  Enqueuing request...
[2019/06/06 18:20:31][INFO][enqueue]  Enqueuing: edu.uci.ics.sctse.service.api_gateway.threadpool.ClientRequest@676a2e0
[2019/06/06 18:20:31][INFO][addMovieRequest]  Request in queue.
[2019/06/06 18:20:31][INFO][process]  Building client...
[2019/06/06 18:20:31][INFO][process]  Getting URI...
[2019/06/06 18:20:31][INFO][process]  Getting endpoint...
[2019/06/06 18:20:31][INFO][process]  Building WebTarget...
[2019/06/06 18:20:31][INFO][process]  Sending request...
[2019/06/06 18:20:31][INFO][process]  Starting invocation builder...
[2019/06/06 18:20:31][INFO][process]  WEBTARGET: JerseyWebTarget { http://0.0.0.0:7178/api/movies/add }
[2019/06/06 18:20:31][INFO][process]  Got a POST request.
[2019/06/06 18:20:32][INFO][getReport]  Got request for report.
[2019/06/06 18:20:32][INFO][getResponseFromDB]  Getting response from DB...
[2019/06/06 18:20:32][INFO][getResponseFromDB]  Trying query: com.mysql.cj.jdbc.ClientPreparedStatement: SELECT transactionid, email, sessionid, response, httpstatus FROM responses WHERE transactionid = '238de7f79f932616c4e1f3da7e06ad68a298f61f41615ba487e4237de2830b9d5e16627a8e8adf75d41aab46b9c18ef08c01a6bdf36d603f07b123c67c300703';
[2019/06/06 18:20:32][INFO][getResponseFromDB]  Query succeeded
[2019/06/06 18:20:32][INFO][getResponseFromDB]  Getting response from DB...
[2019/06/06 18:20:32][INFO][process]  [32mSent![0m
[2019/06/06 18:20:32][INFO][insertResponseIntoDB]  Inserting response into DB...
[2019/06/06 18:20:32][INFO][getResponseFromDB]  Trying query: com.mysql.cj.jdbc.ClientPreparedStatement: SELECT transactionid, email, sessionid, response, httpstatus FROM responses WHERE transactionid = '238de7f79f932616c4e1f3da7e06ad68a298f61f41615ba487e4237de2830b9d5e16627a8e8adf75d41aab46b9c18ef08c01a6bdf36d603f07b123c67c300703';
[2019/06/06 18:20:32][INFO][getResponseFromDB]  Query succeeded
[2019/06/06 18:20:32][INFO][getResponseFromDB]  Getting response from DB...
[2019/06/06 18:20:32][INFO][insertResponseIntoDB]  Trying query: com.mysql.cj.jdbc.ClientPreparedStatement: INSERT INTO responses (transactionid, response, email, sessionid, httpstatus) VALUES ('238de7f79f932616c4e1f3da7e06ad68a298f61f41615ba487e4237de2830b9d5e16627a8e8adf75d41aab46b9c18ef08c01a6bdf36d603f07b123c67c300703', '{"resultCode":214,"message":"Movie successfully added.","movieid":"cs0000038","genreid":[28,1,19]}', 'admin@existing.com', '36550cb2b40d0b1a40fae8357a69e3f81735fcb739182377d6ec41c6b6e26174f491f2c02423d492f95a823319cc071145a624771b4fcdaa549adc22f93d4eeb', 200);
[2019/06/06 18:20:32][INFO][insertResponseIntoDB]  Query succeeded
[2019/06/06 18:20:32][INFO][getResponseFromDB]  Trying query: com.mysql.cj.jdbc.ClientPreparedStatement: SELECT transactionid, email, sessionid, response, httpstatus FROM responses WHERE transactionid = '238de7f79f932616c4e1f3da7e06ad68a298f61f41615ba487e4237de2830b9d5e16627a8e8adf75d41aab46b9c18ef08c01a6bdf36d603f07b123c67c300703';
[2019/06/06 18:20:32][INFO][getResponseFromDB]  Query succeeded
[2019/06/06 18:20:32][INFO][getResponseFromDB]  [35mTRANSACTION IN DB... MAKING MAP[0m
[2019/06/06 18:20:32][INFO][deleteResponse]  Deleting response in DB...
[2019/06/06 18:20:32][INFO][deleteResponse]  Trying query: com.mysql.cj.jdbc.ClientPreparedStatement: DELETE FROM responses WHERE transactionid = '238de7f79f932616c4e1f3da7e06ad68a298f61f41615ba487e4237de2830b9d5e16627a8e8adf75d41aab46b9c18ef08c01a6bdf36d603f07b123c67c300703';
[2019/06/06 18:20:32][INFO][deleteResponse]  Query succeeded
[2019/06/06 18:20:33][INFO][addMovieRequest]  Received request to add movie.
[2019/06/06 18:20:33][INFO][addMovieRequest]  JsonText: {
    "title": "aAip1UUcDz",
    "director":"JRAgy9hVcD",
    "year": 2022,
    "budget": 817,
    "revenue": 267,
    "genres": [{"id": 9, "name": "drama"}]
}
[2019/06/06 18:20:33][INFO][verifyModel]  Verifying model format...
[2019/06/06 18:20:33][INFO][verifyModel]  Attempting to deserialize JSON to POJO
[2019/06/06 18:20:33][INFO][verifyModel]  Successfully deserialized JSON to POJO.
[2019/06/06 18:20:33][INFO][verifyModel]  Model has been validated.
[2019/06/06 18:20:33][INFO][addMovieRequest]  Transaction id: 6d3ef8b461f2afc9529dab5183b29175a45665b50bac6ed1505bef5127f4f6452bd1b8587e702afe9341df086faa6ce2d5d6fb258c6b82d1453c422d47651a9a
[2019/06/06 18:20:33][INFO][addMovieRequest]  Created & set client request: edu.uci.ics.sctse.service.api_gateway.threadpool.ClientRequest@19d2a0eb
[2019/06/06 18:20:33][INFO][addMovieRequest]  Enqueuing request...
[2019/06/06 18:20:33][INFO][enqueue]  Enqueuing: edu.uci.ics.sctse.service.api_gateway.threadpool.ClientRequest@19d2a0eb
[2019/06/06 18:20:33][INFO][addMovieRequest]  Request in queue.
[2019/06/06 18:20:33][INFO][process]  Building client...
[2019/06/06 18:20:33][INFO][process]  Getting URI...
[2019/06/06 18:20:33][INFO][process]  Getting endpoint...
[2019/06/06 18:20:33][INFO][process]  Building WebTarget...
[2019/06/06 18:20:33][INFO][process]  Sending request...
[2019/06/06 18:20:33][INFO][process]  Starting invocation builder...
[2019/06/06 18:20:33][INFO][process]  WEBTARGET: JerseyWebTarget { http://0.0.0.0:7178/api/movies/add }
[2019/06/06 18:20:33][INFO][process]  Got a POST request.
[2019/06/06 18:20:33][INFO][process]  [32mSent![0m
[2019/06/06 18:20:33][INFO][insertResponseIntoDB]  Inserting response into DB...
[2019/06/06 18:20:33][INFO][insertResponseIntoDB]  Trying query: com.mysql.cj.jdbc.ClientPreparedStatement: INSERT INTO responses (transactionid, response, email, sessionid, httpstatus) VALUES ('6d3ef8b461f2afc9529dab5183b29175a45665b50bac6ed1505bef5127f4f6452bd1b8587e702afe9341df086faa6ce2d5d6fb258c6b82d1453c422d47651a9a', '{"resultCode":216,"message":"Movie already exists."}', 'admin@existing.com', '36550cb2b40d0b1a40fae8357a69e3f81735fcb739182377d6ec41c6b6e26174f491f2c02423d492f95a823319cc071145a624771b4fcdaa549adc22f93d4eeb', 200);
[2019/06/06 18:20:33][INFO][insertResponseIntoDB]  Query succeeded
[2019/06/06 18:20:33][INFO][getReport]  Got request for report.
[2019/06/06 18:20:33][INFO][getResponseFromDB]  Getting response from DB...
[2019/06/06 18:20:33][INFO][getResponseFromDB]  Trying query: com.mysql.cj.jdbc.ClientPreparedStatement: SELECT transactionid, email, sessionid, response, httpstatus FROM responses WHERE transactionid = '6d3ef8b461f2afc9529dab5183b29175a45665b50bac6ed1505bef5127f4f6452bd1b8587e702afe9341df086faa6ce2d5d6fb258c6b82d1453c422d47651a9a';
[2019/06/06 18:20:33][INFO][getResponseFromDB]  Query succeeded
[2019/06/06 18:20:33][INFO][getResponseFromDB]  [35mTRANSACTION IN DB... MAKING MAP[0m
[2019/06/06 18:20:33][INFO][deleteResponse]  Deleting response in DB...
[2019/06/06 18:20:33][INFO][deleteResponse]  Trying query: com.mysql.cj.jdbc.ClientPreparedStatement: DELETE FROM responses WHERE transactionid = '6d3ef8b461f2afc9529dab5183b29175a45665b50bac6ed1505bef5127f4f6452bd1b8587e702afe9341df086faa6ce2d5d6fb258c6b82d1453c422d47651a9a';
[2019/06/06 18:20:33][INFO][deleteResponse]  Query succeeded
[2019/06/06 18:20:33][INFO][getMovieRequest]  Received request to search movie by id.
[2019/06/06 18:20:33][INFO][getMovieRequest]  Transaction id: 6b89a41c13e133395b11b23349aae395cbf6995a8fe50d19b3b6215fa1d1b05b6aade1afa7a4f68db658313a62fb1c340243a9d55dc776548fcc7b4ff42b67b6
[2019/06/06 18:20:33][INFO][getMovieRequest]  Created & set client request: edu.uci.ics.sctse.service.api_gateway.threadpool.ClientRequest@21570349
[2019/06/06 18:20:33][INFO][getMovieRequest]  Enqueuing request...
[2019/06/06 18:20:33][INFO][enqueue]  Enqueuing: edu.uci.ics.sctse.service.api_gateway.threadpool.ClientRequest@21570349
[2019/06/06 18:20:33][INFO][getMovieRequest]  Request in queue.
[2019/06/06 18:20:33][INFO][process]  Building client...
[2019/06/06 18:20:33][INFO][process]  Getting URI...
[2019/06/06 18:20:33][INFO][process]  Getting endpoint...
[2019/06/06 18:20:33][INFO][process]  Building WebTarget...
[2019/06/06 18:20:33][INFO][process]  Sending request...
[2019/06/06 18:20:33][INFO][process]  Starting invocation builder...
[2019/06/06 18:20:33][INFO][process]  WEBTARGET: JerseyWebTarget { http://0.0.0.0:7178/api/movies/get/cs0000038 }
[2019/06/06 18:20:33][INFO][process]  Got a GET request.
[2019/06/06 18:20:34][INFO][process]  [32mSent![0m
[2019/06/06 18:20:34][INFO][insertResponseIntoDB]  Inserting response into DB...
[2019/06/06 18:20:34][INFO][insertResponseIntoDB]  Trying query: com.mysql.cj.jdbc.ClientPreparedStatement: INSERT INTO responses (transactionid, response, email, sessionid, httpstatus) VALUES ('6b89a41c13e133395b11b23349aae395cbf6995a8fe50d19b3b6215fa1d1b05b6aade1afa7a4f68db658313a62fb1c340243a9d55dc776548fcc7b4ff42b67b6', '{"resultCode":210,"message":"Found movies with search parameters.","movie":{"movieId":"cs0000038","title":"aAip1UUcDz","director":"JRAgy9hVcD","year":2022,"budget":817,"revenue":817,"rating":0.0,"numVotes":0,"genres":[{"id":1,"name":"Action"},{"id":19,"name":"Sci-Fi"},{"id":28,"name":"newGenre"}],"stars":[]}}', 'existing1@existing.com', '94275b25c8ded70cab5e1c648a1574e9ad602be0b3b7bfe384f85760b9578a82805aa801ce214003e6eb9a1fda885dee11364339c55f8142c73865d9857ed6f1', 200);
[2019/06/06 18:20:34][INFO][insertResponseIntoDB]  Query succeeded
[2019/06/06 18:20:34][INFO][getReport]  Got request for report.
[2019/06/06 18:20:34][INFO][getResponseFromDB]  Getting response from DB...
[2019/06/06 18:20:34][INFO][getResponseFromDB]  Trying query: com.mysql.cj.jdbc.ClientPreparedStatement: SELECT transactionid, email, sessionid, response, httpstatus FROM responses WHERE transactionid = '6b89a41c13e133395b11b23349aae395cbf6995a8fe50d19b3b6215fa1d1b05b6aade1afa7a4f68db658313a62fb1c340243a9d55dc776548fcc7b4ff42b67b6';
[2019/06/06 18:20:34][INFO][getResponseFromDB]  Query succeeded
[2019/06/06 18:20:34][INFO][getResponseFromDB]  [35mTRANSACTION IN DB... MAKING MAP[0m
[2019/06/06 18:20:34][INFO][deleteResponse]  Deleting response in DB...
[2019/06/06 18:20:34][INFO][deleteResponse]  Trying query: com.mysql.cj.jdbc.ClientPreparedStatement: DELETE FROM responses WHERE transactionid = '6b89a41c13e133395b11b23349aae395cbf6995a8fe50d19b3b6215fa1d1b05b6aade1afa7a4f68db658313a62fb1c340243a9d55dc776548fcc7b4ff42b67b6';
[2019/06/06 18:20:34][INFO][deleteResponse]  Query succeeded
[2019/06/06 18:20:34][INFO][getMovieRequest]  Received request to search movie by id.
[2019/06/06 18:20:34][INFO][getMovieRequest]  Transaction id: 95fa37dddab1fb7068999d2d9639d2d37517319c2b70c12aeeb194bfc2f903b99192f8f0b8408d6a9f59961c689b39029fac020fa43bc6a40ce0336d1846dc01
[2019/06/06 18:20:34][INFO][getMovieRequest]  Created & set client request: edu.uci.ics.sctse.service.api_gateway.threadpool.ClientRequest@6928e082
[2019/06/06 18:20:34][INFO][getMovieRequest]  Enqueuing request...
[2019/06/06 18:20:34][INFO][enqueue]  Enqueuing: edu.uci.ics.sctse.service.api_gateway.threadpool.ClientRequest@6928e082
[2019/06/06 18:20:34][INFO][process]  Building client...
[2019/06/06 18:20:34][INFO][getMovieRequest]  Request in queue.
[2019/06/06 18:20:34][INFO][process]  Getting URI...
[2019/06/06 18:20:34][INFO][process]  Getting endpoint...
[2019/06/06 18:20:34][INFO][process]  Building WebTarget...
[2019/06/06 18:20:34][INFO][process]  Sending request...
[2019/06/06 18:20:34][INFO][process]  Starting invocation builder...
[2019/06/06 18:20:34][INFO][process]  WEBTARGET: JerseyWebTarget { http://0.0.0.0:7178/api/movies/get/nonExisitingMovieId }
[2019/06/06 18:20:34][INFO][process]  Got a GET request.
[2019/06/06 18:20:34][INFO][process]  [32mSent![0m
[2019/06/06 18:20:34][INFO][insertResponseIntoDB]  Inserting response into DB...
[2019/06/06 18:20:34][INFO][insertResponseIntoDB]  Trying query: com.mysql.cj.jdbc.ClientPreparedStatement: INSERT INTO responses (transactionid, response, email, sessionid, httpstatus) VALUES ('95fa37dddab1fb7068999d2d9639d2d37517319c2b70c12aeeb194bfc2f903b99192f8f0b8408d6a9f59961c689b39029fac020fa43bc6a40ce0336d1846dc01', '{"resultCode":211,"message":"No movies found with search parameters."}', 'existing1@existing.com', '94275b25c8ded70cab5e1c648a1574e9ad602be0b3b7bfe384f85760b9578a82805aa801ce214003e6eb9a1fda885dee11364339c55f8142c73865d9857ed6f1', 200);
[2019/06/06 18:20:34][INFO][insertResponseIntoDB]  Query succeeded
[2019/06/06 18:20:35][INFO][getReport]  Got request for report.
[2019/06/06 18:20:35][INFO][getResponseFromDB]  Getting response from DB...
[2019/06/06 18:20:35][INFO][getResponseFromDB]  Trying query: com.mysql.cj.jdbc.ClientPreparedStatement: SELECT transactionid, email, sessionid, response, httpstatus FROM responses WHERE transactionid = '95fa37dddab1fb7068999d2d9639d2d37517319c2b70c12aeeb194bfc2f903b99192f8f0b8408d6a9f59961c689b39029fac020fa43bc6a40ce0336d1846dc01';
[2019/06/06 18:20:35][INFO][getResponseFromDB]  Query succeeded
[2019/06/06 18:20:35][INFO][getResponseFromDB]  [35mTRANSACTION IN DB... MAKING MAP[0m
[2019/06/06 18:20:35][INFO][deleteResponse]  Deleting response in DB...
[2019/06/06 18:20:35][INFO][deleteResponse]  Trying query: com.mysql.cj.jdbc.ClientPreparedStatement: DELETE FROM responses WHERE transactionid = '95fa37dddab1fb7068999d2d9639d2d37517319c2b70c12aeeb194bfc2f903b99192f8f0b8408d6a9f59961c689b39029fac020fa43bc6a40ce0336d1846dc01';
[2019/06/06 18:20:35][INFO][deleteResponse]  Query succeeded
[2019/06/06 18:20:35][INFO][deleteMovieRequest]  Received request to delete movie by id.
[2019/06/06 18:20:35][INFO][deleteMovieRequest]  Transaction id: 2803cdef78af0f5a2064a4f4e1f4431343e291fddee018476c1edc390047aa5b145803f2da57924a15027e202d4b1fdc4b898e9631cc53bf26090ebc57718d14
[2019/06/06 18:20:35][INFO][deleteMovieRequest]  Created & set client request: edu.uci.ics.sctse.service.api_gateway.threadpool.ClientRequest@24776a41
[2019/06/06 18:20:35][INFO][deleteMovieRequest]  Enqueuing request...
[2019/06/06 18:20:35][INFO][enqueue]  Enqueuing: edu.uci.ics.sctse.service.api_gateway.threadpool.ClientRequest@24776a41
[2019/06/06 18:20:35][INFO][deleteMovieRequest]  Request in queue.
[2019/06/06 18:20:35][INFO][process]  Building client...
[2019/06/06 18:20:35][INFO][process]  Getting URI...
[2019/06/06 18:20:35][INFO][process]  Getting endpoint...
[2019/06/06 18:20:35][INFO][process]  Building WebTarget...
[2019/06/06 18:20:35][INFO][process]  Sending request...
[2019/06/06 18:20:35][INFO][process]  Got a DELETE request.
[2019/06/06 18:20:35][INFO][process]  [32mSent![0m
[2019/06/06 18:20:35][INFO][insertResponseIntoDB]  Inserting response into DB...
[2019/06/06 18:20:35][INFO][insertResponseIntoDB]  Trying query: com.mysql.cj.jdbc.ClientPreparedStatement: INSERT INTO responses (transactionid, response, email, sessionid, httpstatus) VALUES ('2803cdef78af0f5a2064a4f4e1f4431343e291fddee018476c1edc390047aa5b145803f2da57924a15027e202d4b1fdc4b898e9631cc53bf26090ebc57718d14', '{"resultCode":141,"message":"User has insufficient privilege."}', 'existing1@existing.com', '94275b25c8ded70cab5e1c648a1574e9ad602be0b3b7bfe384f85760b9578a82805aa801ce214003e6eb9a1fda885dee11364339c55f8142c73865d9857ed6f1', 200);
[2019/06/06 18:20:35][INFO][insertResponseIntoDB]  Query succeeded
[2019/06/06 18:20:35][INFO][getReport]  Got request for report.
[2019/06/06 18:20:35][INFO][getResponseFromDB]  Getting response from DB...
[2019/06/06 18:20:35][INFO][getResponseFromDB]  Trying query: com.mysql.cj.jdbc.ClientPreparedStatement: SELECT transactionid, email, sessionid, response, httpstatus FROM responses WHERE transactionid = '2803cdef78af0f5a2064a4f4e1f4431343e291fddee018476c1edc390047aa5b145803f2da57924a15027e202d4b1fdc4b898e9631cc53bf26090ebc57718d14';
[2019/06/06 18:20:35][INFO][getResponseFromDB]  Query succeeded
[2019/06/06 18:20:35][INFO][getResponseFromDB]  [35mTRANSACTION IN DB... MAKING MAP[0m
[2019/06/06 18:20:36][INFO][deleteResponse]  Deleting response in DB...
[2019/06/06 18:20:36][INFO][deleteResponse]  Trying query: com.mysql.cj.jdbc.ClientPreparedStatement: DELETE FROM responses WHERE transactionid = '2803cdef78af0f5a2064a4f4e1f4431343e291fddee018476c1edc390047aa5b145803f2da57924a15027e202d4b1fdc4b898e9631cc53bf26090ebc57718d14';
[2019/06/06 18:20:36][INFO][deleteResponse]  Query succeeded
[2019/06/06 18:20:36][INFO][deleteMovieRequest]  Received request to delete movie by id.
[2019/06/06 18:20:36][INFO][deleteMovieRequest]  Transaction id: 8d9127eaad503cc0aaafda13296db7ac18043066470046bd61b9f3e2396948980fbfb8b6c16cb195f4ade243f79099773fb1e831188bc808062367fe670a1abe
[2019/06/06 18:20:36][INFO][deleteMovieRequest]  Created & set client request: edu.uci.ics.sctse.service.api_gateway.threadpool.ClientRequest@7284d502
[2019/06/06 18:20:36][INFO][deleteMovieRequest]  Enqueuing request...
[2019/06/06 18:20:36][INFO][enqueue]  Enqueuing: edu.uci.ics.sctse.service.api_gateway.threadpool.ClientRequest@7284d502
[2019/06/06 18:20:36][INFO][deleteMovieRequest]  Request in queue.
[2019/06/06 18:20:36][INFO][process]  Building client...
[2019/06/06 18:20:36][INFO][process]  Getting URI...
[2019/06/06 18:20:36][INFO][process]  Getting endpoint...
[2019/06/06 18:20:36][INFO][process]  Building WebTarget...
[2019/06/06 18:20:36][INFO][process]  Sending request...
[2019/06/06 18:20:36][INFO][process]  Got a DELETE request.
[2019/06/06 18:20:36][INFO][process]  [32mSent![0m
[2019/06/06 18:20:36][INFO][insertResponseIntoDB]  Inserting response into DB...
[2019/06/06 18:20:36][INFO][insertResponseIntoDB]  Trying query: com.mysql.cj.jdbc.ClientPreparedStatement: INSERT INTO responses (transactionid, response, email, sessionid, httpstatus) VALUES ('8d9127eaad503cc0aaafda13296db7ac18043066470046bd61b9f3e2396948980fbfb8b6c16cb195f4ade243f79099773fb1e831188bc808062367fe670a1abe', '{"resultCode":240,"message":"Movie successfully removed."}', 'admin@existing.com', '36550cb2b40d0b1a40fae8357a69e3f81735fcb739182377d6ec41c6b6e26174f491f2c02423d492f95a823319cc071145a624771b4fcdaa549adc22f93d4eeb', 200);
[2019/06/06 18:20:36][INFO][insertResponseIntoDB]  Query succeeded
[2019/06/06 18:20:36][INFO][getReport]  Got request for report.
[2019/06/06 18:20:36][INFO][getResponseFromDB]  Getting response from DB...
[2019/06/06 18:20:36][INFO][getResponseFromDB]  Trying query: com.mysql.cj.jdbc.ClientPreparedStatement: SELECT transactionid, email, sessionid, response, httpstatus FROM responses WHERE transactionid = '8d9127eaad503cc0aaafda13296db7ac18043066470046bd61b9f3e2396948980fbfb8b6c16cb195f4ade243f79099773fb1e831188bc808062367fe670a1abe';
[2019/06/06 18:20:36][INFO][getResponseFromDB]  Query succeeded
[2019/06/06 18:20:36][INFO][getResponseFromDB]  [35mTRANSACTION IN DB... MAKING MAP[0m
[2019/06/06 18:20:36][INFO][deleteResponse]  Deleting response in DB...
[2019/06/06 18:20:36][INFO][deleteResponse]  Trying query: com.mysql.cj.jdbc.ClientPreparedStatement: DELETE FROM responses WHERE transactionid = '8d9127eaad503cc0aaafda13296db7ac18043066470046bd61b9f3e2396948980fbfb8b6c16cb195f4ade243f79099773fb1e831188bc808062367fe670a1abe';
[2019/06/06 18:20:36][INFO][deleteResponse]  Query succeeded
[2019/06/06 18:20:36][INFO][deleteMovieRequest]  Received request to delete movie by id.
[2019/06/06 18:20:36][INFO][deleteMovieRequest]  Transaction id: 78b7e1df6545ca33a435cf607689948c2eb8a4e027c79e4df7a1ffec6318969ac0d5e0dc36b8a6c77a842085171f595c11d06c60b6b89bf65a84dd4f63027bf7
[2019/06/06 18:20:36][INFO][deleteMovieRequest]  Created & set client request: edu.uci.ics.sctse.service.api_gateway.threadpool.ClientRequest@3b521056
[2019/06/06 18:20:36][INFO][deleteMovieRequest]  Enqueuing request...
[2019/06/06 18:20:36][INFO][enqueue]  Enqueuing: edu.uci.ics.sctse.service.api_gateway.threadpool.ClientRequest@3b521056
[2019/06/06 18:20:36][INFO][deleteMovieRequest]  Request in queue.
[2019/06/06 18:20:36][INFO][process]  Building client...
[2019/06/06 18:20:36][INFO][process]  Getting URI...
[2019/06/06 18:20:36][INFO][process]  Getting endpoint...
[2019/06/06 18:20:36][INFO][process]  Building WebTarget...
[2019/06/06 18:20:36][INFO][process]  Sending request...
[2019/06/06 18:20:36][INFO][process]  Got a DELETE request.
[2019/06/06 18:20:37][INFO][process]  [32mSent![0m
[2019/06/06 18:20:37][INFO][insertResponseIntoDB]  Inserting response into DB...
[2019/06/06 18:20:37][INFO][insertResponseIntoDB]  Trying query: com.mysql.cj.jdbc.ClientPreparedStatement: INSERT INTO responses (transactionid, response, email, sessionid, httpstatus) VALUES ('78b7e1df6545ca33a435cf607689948c2eb8a4e027c79e4df7a1ffec6318969ac0d5e0dc36b8a6c77a842085171f595c11d06c60b6b89bf65a84dd4f63027bf7', '{"resultCode":242,"message":"Movie has been already removed."}', 'admin@existing.com', '36550cb2b40d0b1a40fae8357a69e3f81735fcb739182377d6ec41c6b6e26174f491f2c02423d492f95a823319cc071145a624771b4fcdaa549adc22f93d4eeb', 200);
[2019/06/06 18:20:37][INFO][insertResponseIntoDB]  Query succeeded
[2019/06/06 18:20:37][INFO][getReport]  Got request for report.
[2019/06/06 18:20:37][INFO][getResponseFromDB]  Getting response from DB...
[2019/06/06 18:20:37][INFO][getResponseFromDB]  Trying query: com.mysql.cj.jdbc.ClientPreparedStatement: SELECT transactionid, email, sessionid, response, httpstatus FROM responses WHERE transactionid = '78b7e1df6545ca33a435cf607689948c2eb8a4e027c79e4df7a1ffec6318969ac0d5e0dc36b8a6c77a842085171f595c11d06c60b6b89bf65a84dd4f63027bf7';
[2019/06/06 18:20:37][INFO][getResponseFromDB]  Query succeeded
[2019/06/06 18:20:37][INFO][getResponseFromDB]  [35mTRANSACTION IN DB... MAKING MAP[0m
[2019/06/06 18:20:37][INFO][deleteResponse]  Deleting response in DB...
[2019/06/06 18:20:37][INFO][deleteResponse]  Trying query: com.mysql.cj.jdbc.ClientPreparedStatement: DELETE FROM responses WHERE transactionid = '78b7e1df6545ca33a435cf607689948c2eb8a4e027c79e4df7a1ffec6318969ac0d5e0dc36b8a6c77a842085171f595c11d06c60b6b89bf65a84dd4f63027bf7';
[2019/06/06 18:20:37][INFO][deleteResponse]  Query succeeded
[2019/06/06 18:20:37][INFO][deleteMovieRequest]  Received request to delete movie by id.
[2019/06/06 18:20:37][INFO][deleteMovieRequest]  Transaction id: 9d582941344cb47ea767e5011df4da2cbb86ce32e4918b8396d86d66e2385c8a391a902fc575077ebd7ad76707713be212dcc7ba7266cd66b6b5732d2a0cc31b
[2019/06/06 18:20:37][INFO][deleteMovieRequest]  Created & set client request: edu.uci.ics.sctse.service.api_gateway.threadpool.ClientRequest@2a852
[2019/06/06 18:20:37][INFO][deleteMovieRequest]  Enqueuing request...
[2019/06/06 18:20:37][INFO][enqueue]  Enqueuing: edu.uci.ics.sctse.service.api_gateway.threadpool.ClientRequest@2a852
[2019/06/06 18:20:37][INFO][deleteMovieRequest]  Request in queue.
[2019/06/06 18:20:37][INFO][process]  Building client...
[2019/06/06 18:20:37][INFO][process]  Getting URI...
[2019/06/06 18:20:37][INFO][process]  Getting endpoint...
[2019/06/06 18:20:37][INFO][process]  Building WebTarget...
[2019/06/06 18:20:37][INFO][process]  Sending request...
[2019/06/06 18:20:37][INFO][process]  Got a DELETE request.
[2019/06/06 18:20:37][INFO][process]  [32mSent![0m
[2019/06/06 18:20:37][INFO][insertResponseIntoDB]  Inserting response into DB...
[2019/06/06 18:20:37][INFO][insertResponseIntoDB]  Trying query: com.mysql.cj.jdbc.ClientPreparedStatement: INSERT INTO responses (transactionid, response, email, sessionid, httpstatus) VALUES ('9d582941344cb47ea767e5011df4da2cbb86ce32e4918b8396d86d66e2385c8a391a902fc575077ebd7ad76707713be212dcc7ba7266cd66b6b5732d2a0cc31b', '{"resultCode":241,"message":"Could not remove movie."}', 'admin@existing.com', '36550cb2b40d0b1a40fae8357a69e3f81735fcb739182377d6ec41c6b6e26174f491f2c02423d492f95a823319cc071145a624771b4fcdaa549adc22f93d4eeb', 200);
[2019/06/06 18:20:37][INFO][insertResponseIntoDB]  Query succeeded
[2019/06/06 18:20:38][INFO][getReport]  Got request for report.
[2019/06/06 18:20:38][INFO][getResponseFromDB]  Getting response from DB...
[2019/06/06 18:20:38][INFO][getResponseFromDB]  Trying query: com.mysql.cj.jdbc.ClientPreparedStatement: SELECT transactionid, email, sessionid, response, httpstatus FROM responses WHERE transactionid = '9d582941344cb47ea767e5011df4da2cbb86ce32e4918b8396d86d66e2385c8a391a902fc575077ebd7ad76707713be212dcc7ba7266cd66b6b5732d2a0cc31b';
[2019/06/06 18:20:38][INFO][getResponseFromDB]  Query succeeded
[2019/06/06 18:20:38][INFO][getResponseFromDB]  [35mTRANSACTION IN DB... MAKING MAP[0m
[2019/06/06 18:20:38][INFO][deleteResponse]  Deleting response in DB...
[2019/06/06 18:20:38][INFO][deleteResponse]  Trying query: com.mysql.cj.jdbc.ClientPreparedStatement: DELETE FROM responses WHERE transactionid = '9d582941344cb47ea767e5011df4da2cbb86ce32e4918b8396d86d66e2385c8a391a902fc575077ebd7ad76707713be212dcc7ba7266cd66b6b5732d2a0cc31b';
[2019/06/06 18:20:38][INFO][deleteResponse]  Query succeeded
[2019/06/06 18:20:38][INFO][getMovieRequest]  Received request to search movie by id.
[2019/06/06 18:20:38][INFO][getMovieRequest]  Transaction id: 7ad9c42b2bab1afb3ee86613cca0eb7f198f023a3a0b7fce771c6598e46c90730bfd58f15b2eaba1dff2f4b77d8e029e466ca9d3bb013ea55c0c37106fb5d7b5
[2019/06/06 18:20:38][INFO][getMovieRequest]  Created & set client request: edu.uci.ics.sctse.service.api_gateway.threadpool.ClientRequest@133a8753
[2019/06/06 18:20:38][INFO][getMovieRequest]  Enqueuing request...
[2019/06/06 18:20:38][INFO][enqueue]  Enqueuing: edu.uci.ics.sctse.service.api_gateway.threadpool.ClientRequest@133a8753
[2019/06/06 18:20:38][INFO][getMovieRequest]  Request in queue.
[2019/06/06 18:20:38][INFO][process]  Building client...
[2019/06/06 18:20:38][INFO][process]  Getting URI...
[2019/06/06 18:20:38][INFO][process]  Getting endpoint...
[2019/06/06 18:20:38][INFO][process]  Building WebTarget...
[2019/06/06 18:20:38][INFO][process]  Sending request...
[2019/06/06 18:20:38][INFO][process]  Starting invocation builder...
[2019/06/06 18:20:38][INFO][process]  WEBTARGET: JerseyWebTarget { http://0.0.0.0:7178/api/movies/get/cs0000038 }
[2019/06/06 18:20:38][INFO][process]  Got a GET request.
[2019/06/06 18:20:38][INFO][process]  [32mSent![0m
[2019/06/06 18:20:38][INFO][insertResponseIntoDB]  Inserting response into DB...
[2019/06/06 18:20:38][INFO][insertResponseIntoDB]  Trying query: com.mysql.cj.jdbc.ClientPreparedStatement: INSERT INTO responses (transactionid, response, email, sessionid, httpstatus) VALUES ('7ad9c42b2bab1afb3ee86613cca0eb7f198f023a3a0b7fce771c6598e46c90730bfd58f15b2eaba1dff2f4b77d8e029e466ca9d3bb013ea55c0c37106fb5d7b5', '{"resultCode":141,"message":"User has insufficient privilege."}', 'existing1@existing.com', '94275b25c8ded70cab5e1c648a1574e9ad602be0b3b7bfe384f85760b9578a82805aa801ce214003e6eb9a1fda885dee11364339c55f8142c73865d9857ed6f1', 200);
[2019/06/06 18:20:38][INFO][insertResponseIntoDB]  Query succeeded
[2019/06/06 18:20:39][INFO][getReport]  Got request for report.
[2019/06/06 18:20:39][INFO][getResponseFromDB]  Getting response from DB...
[2019/06/06 18:20:39][INFO][getResponseFromDB]  Trying query: com.mysql.cj.jdbc.ClientPreparedStatement: SELECT transactionid, email, sessionid, response, httpstatus FROM responses WHERE transactionid = '7ad9c42b2bab1afb3ee86613cca0eb7f198f023a3a0b7fce771c6598e46c90730bfd58f15b2eaba1dff2f4b77d8e029e466ca9d3bb013ea55c0c37106fb5d7b5';
[2019/06/06 18:20:39][INFO][getResponseFromDB]  Query succeeded
[2019/06/06 18:20:39][INFO][getResponseFromDB]  [35mTRANSACTION IN DB... MAKING MAP[0m
[2019/06/06 18:20:39][INFO][deleteResponse]  Deleting response in DB...
[2019/06/06 18:20:39][INFO][deleteResponse]  Trying query: com.mysql.cj.jdbc.ClientPreparedStatement: DELETE FROM responses WHERE transactionid = '7ad9c42b2bab1afb3ee86613cca0eb7f198f023a3a0b7fce771c6598e46c90730bfd58f15b2eaba1dff2f4b77d8e029e466ca9d3bb013ea55c0c37106fb5d7b5';
[2019/06/06 18:20:39][INFO][deleteResponse]  Query succeeded
